<?xml version="1.0" encoding="UTF-8"?>
<testng-results skipped="0" failed="0" ignored="0" total="1" passed="1">
  <reporter-output>
  </reporter-output>
  <suite name="Default suite" duration-ms="26679" started-at="2017-01-30T10:53:53Z" finished-at="2017-01-30T10:54:20Z">
    <groups>
    </groups>
    <test name="Default test" duration-ms="26679" started-at="2017-01-30T10:53:53Z" finished-at="2017-01-30T10:54:20Z">
      <class name="com.testscripts.GmailLoginScript">
        <test-method status="PASS" signature="launch()[pri:0, instance:com.testscripts.GmailLoginScript@754ba872]" name="launch" is-config="true" duration-ms="17568" started-at="2017-01-30T16:23:53Z" finished-at="2017-01-30T16:24:11Z">
          <reporter-output>
          </reporter-output>
        </test-method> <!-- launch -->
        <test-method status="PASS" signature="login()[pri:0, instance:com.testscripts.GmailLoginScript@754ba872]" name="login" duration-ms="9074" started-at="2017-01-30T16:24:11Z" finished-at="2017-01-30T16:24:20Z">
          <reporter-output>
          </reporter-output>
        </test-method> <!-- login -->
      </class> <!-- com.testscripts.GmailLoginScript -->
    </test> <!-- Default test -->
  </suite> <!-- Default suite -->
</testng-results>
